<?xml version="1.0" encoding="UTF-8"?>
<!-- Generated by org.testng.reporters.JUnitXMLReporter -->
<testsuite hostname="DESKTOP-HT38EU9" name="Test" tests="13" failures="1" timestamp="22 Jun 2020 20:03:10 GMT" time="318.776" errors="0">
  <testcase name="verify_CustomerCare_Link_is_visible" time="0.147" classname="com.ajioweb.pagetest.HomepagePageTest"/>
  <testcase name="verify_Customercare_Link_is_Redirecting_to_customerCarePage" time="2.795" classname="com.ajioweb.pagetest.HomepagePageTest">
    <failure type="java.lang.AssertionError" message="Customer care  Page title not matched!! expected [AJIO0] but found [AJIO]">
      <![CDATA[java.lang.AssertionError: Customer care  Page title not matched!! expected [AJIO0] but found [AJIO]
	at com.ajioweb.pagetest.HomepagePageTest.verify_Customercare_Link_is_Redirecting_to_customerCarePage(HomepagePageTest.java:168)
... Removed 30 stack frames]]>
    </failure>
  </testcase> <!-- verify_Customercare_Link_is_Redirecting_to_customerCarePage -->
  <testcase name="verify_Homepage_Title" time="0.011" classname="com.ajioweb.pagetest.HomepagePageTest"/>
  <testcase name="verify_ShopKids_Link_is_Redirecting_to_KidsPage" time="3.154" classname="com.ajioweb.pagetest.HomepagePageTest"/>
  <testcase name="verify_ShopKids_Link_is_visible" time="0.072" classname="com.ajioweb.pagetest.HomepagePageTest"/>
  <testcase name="verify_ShopMen_Link_is_Redirecting_to_MenPage" time="3.433" classname="com.ajioweb.pagetest.HomepagePageTest"/>
  <testcase name="verify_ShopMen_Link_is_visible" time="0.07" classname="com.ajioweb.pagetest.HomepagePageTest"/>
  <testcase name="verify_ShopSale_Link_is_Redirecting_to_SalePage" time="4.712" classname="com.ajioweb.pagetest.HomepagePageTest"/>
  <testcase name="verify_ShopSale_Link_is_visible" time="0.085" classname="com.ajioweb.pagetest.HomepagePageTest"/>
  <testcase name="verify_ShopWomen_Link_is_Redirecting_to_WomenPage" time="6.682" classname="com.ajioweb.pagetest.HomepagePageTest"/>
  <testcase name="verify_ShopWomen_Link_is_visible" time="0.134" classname="com.ajioweb.pagetest.HomepagePageTest"/>
  <testcase name="verify_signIn_JoinAjio_Link_is_Redirecting_to_signUpModalPopUp" time="0.363" classname="com.ajioweb.pagetest.HomepagePageTest"/>
  <testcase name="verify_signIn_JoinAjio_Link_is_visible" time="0.08" classname="com.ajioweb.pagetest.HomepagePageTest"/>
</testsuite> <!-- Test -->
